<?xml version="1.0" encoding="UTF-8"?>
<robot generator="Robot 5.0.1 (Python 3.10.4 on win32)" generated="20230907 22:22:55.884" rpa="false" schemaversion="3">
<suite id="s1" name="Create" source="C:\qax\projects\mark85_robot_express\tests\tasks\create.robot">
<test id="s1-t1" name="Deve poder cadastrar uma nova tarefa" line="9">
<kw name="Start Session" library="base" type="SETUP">
<kw name="New Browser" library="Browser">
<arg>browser=chromium</arg>
<arg>headless=false</arg>
<tag>BrowserControl</tag>
<tag>Setter</tag>
<doc>Create a new playwright Browser with specified options.</doc>
<msg timestamp="20230907 22:22:57.779" level="INFO">{"browser": "chromium", "headless": false, "chromiumSandbox": false, "devtools": false, "handleSIGHUP": true, "handleSIGINT": true, "handleSIGTERM": true, "slowMo": 0.0, "timeout": 30000.0, "tracesDir": "C:\\qax\\projects\\mark85_robot_express\\tests\\tasks\\results\\browser\\traces\\970cfaa2-6e74-4a84-a692-9e5cdbca5fd3"}</msg>
<msg timestamp="20230907 22:22:58.266" level="INFO">Successfully created browser with options: {"browser":"chromium","headless":false,"chromiumSandbox":false,"devtools":false,"handleSIGHUP":true,"handleSIGINT":true,"handleSIGTERM":true,"slowMo":0,"timeout":30000,"tracesDir":"C:\\qax\\projects\\mark85_robot_express\\tests\\tasks\\results\\browser\\traces\\970cfaa2-6e74-4a84-a692-9e5cdbca5fd3"}</msg>
<status status="PASS" starttime="20230907 22:22:57.778" endtime="20230907 22:22:58.266"/>
</kw>
<kw name="New Page" library="Browser">
<arg>${BASE_URL}</arg>
<tag>BrowserControl</tag>
<tag>Setter</tag>
<doc>Open a new Page.</doc>
<msg timestamp="20230907 22:22:59.435" level="INFO">Successfully initialized new page object and opened url: http://localhost:3000</msg>
<msg timestamp="20230907 22:22:59.435" level="INFO">No context was open. New context was automatically opened when this page is created.</msg>
<status status="PASS" starttime="20230907 22:22:58.267" endtime="20230907 22:22:59.436"/>
</kw>
<status status="PASS" starttime="20230907 22:22:57.778" endtime="20230907 22:22:59.436"/>
</kw>
<kw name="Get Fixture" library="base">
<var>${data}</var>
<arg>tasks</arg>
<arg>create</arg>
<kw name="Load Json From File" library="JSONLibrary">
<var>${data}</var>
<arg>../../Resources/fixtures/${file_name}.json</arg>
<arg>encoding=utf-8</arg>
<doc>Load JSON from file.</doc>
<msg timestamp="20230907 22:22:59.438" level="INFO">${data} = {'create': {'user': {'name': 'Steve Jobs', 'email': 'jobs@apple.com', 'password': 'pwd123'}, 'tasks': {'name': 'Criar uma nova versão do ipod', 'tasks': ['ios', 'music', 'ipod']}}}</msg>
<status status="PASS" starttime="20230907 22:22:59.437" endtime="20230907 22:22:59.438"/>
</kw>
<kw name="Log" library="BuiltIn">
<arg>${data}[create][user]</arg>
<doc>Logs the given message with the given level.</doc>
<msg timestamp="20230907 22:22:59.439" level="INFO">{'name': 'Steve Jobs', 'email': 'jobs@apple.com', 'password': 'pwd123'}</msg>
<status status="PASS" starttime="20230907 22:22:59.438" endtime="20230907 22:22:59.439"/>
</kw>
<msg timestamp="20230907 22:22:59.440" level="INFO">${data} = {'user': {'name': 'Steve Jobs', 'email': 'jobs@apple.com', 'password': 'pwd123'}, 'tasks': {'name': 'Criar uma nova versão do ipod', 'tasks': ['ios', 'music', 'ipod']}}</msg>
<status status="PASS" starttime="20230907 22:22:59.437" endtime="20230907 22:22:59.440"/>
</kw>
<kw name="Clean user from database" library="database">
<arg>${data}[user][email]</arg>
<status status="PASS" starttime="20230907 22:22:59.440" endtime="20230907 22:23:01.101"/>
</kw>
<kw name="Remove user from database" library="database">
<arg>${data}[user][email]</arg>
<msg timestamp="20230907 22:23:01.301" level="INFO">removing user byjobs@apple.com</msg>
<status status="PASS" starttime="20230907 22:23:01.102" endtime="20230907 22:23:01.301"/>
</kw>
<kw name="Insert user from database" library="database">
<arg>${data}[user]</arg>
<msg timestamp="20230907 22:23:01.542" level="INFO">{'name': 'Steve Jobs', 'email': 'jobs@apple.com', 'password': 'pwd123'}</msg>
<status status="PASS" starttime="20230907 22:23:01.302" endtime="20230907 22:23:01.542"/>
</kw>
<kw name="Submit login form" library="LoginPage">
<arg>${data}[user]</arg>
<kw name="Fill Text" library="Browser">
<arg>css=input[name=email]</arg>
<arg>${user}[email]</arg>
<tag>PageContent</tag>
<tag>Setter</tag>
<doc>Clears and fills the given ``txt`` into the text field found by ``selector``.</doc>
<msg timestamp="20230907 22:23:01.545" level="INFO">Fills the text 'jobs@apple.com' in the given field.</msg>
<status status="PASS" starttime="20230907 22:23:01.544" endtime="20230907 22:23:01.633"/>
</kw>
<kw name="Fill Text" library="Browser">
<arg>css=input[placeholder=Senha]</arg>
<arg>${user}[password]</arg>
<tag>PageContent</tag>
<tag>Setter</tag>
<doc>Clears and fills the given ``txt`` into the text field found by ``selector``.</doc>
<msg timestamp="20230907 22:23:01.633" level="INFO">Fills the text 'pwd123' in the given field.</msg>
<status status="PASS" starttime="20230907 22:23:01.633" endtime="20230907 22:23:01.663"/>
</kw>
<kw name="Click" library="Browser">
<arg>id=buttonLogin</arg>
<tag>PageContent</tag>
<tag>Setter</tag>
<doc>Simulates mouse click on the element found by ``selector``.</doc>
<status status="PASS" starttime="20230907 22:23:01.664" endtime="20230907 22:23:01.737"/>
</kw>
<status status="PASS" starttime="20230907 22:23:01.543" endtime="20230907 22:23:01.738"/>
</kw>
<kw name="User should be logged in" library="Header">
<arg>${data}[user][name]</arg>
<kw name="Split String" library="String">
<var>@{splited_name}</var>
<arg>${name}</arg>
<doc>Splits the ``string`` using ``separator`` as a delimiter string.</doc>
<msg timestamp="20230907 22:23:01.740" level="INFO">@{splited_name} = [ Steve | Jobs ]</msg>
<status status="PASS" starttime="20230907 22:23:01.740" endtime="20230907 22:23:01.740"/>
</kw>
<kw name="Log To Console" library="BuiltIn">
<arg>@{splited_name}</arg>
<doc>Logs the given message to the console.</doc>
<status status="PASS" starttime="20230907 22:23:01.740" endtime="20230907 22:23:01.741"/>
</kw>
<kw name="Set Variable" library="BuiltIn">
<var>${element}</var>
<arg>css=header .right small</arg>
<doc>Returns the given values which can then be assigned to a variables.</doc>
<msg timestamp="20230907 22:23:01.742" level="INFO">${element} = css=header .right small</msg>
<status status="PASS" starttime="20230907 22:23:01.742" endtime="20230907 22:23:01.742"/>
</kw>
<kw name="Wait For Elements State" library="Browser">
<arg>${element}</arg>
<arg>visible</arg>
<arg>5</arg>
<tag>PageContent</tag>
<tag>Wait</tag>
<doc>Waits for the element found by ``selector`` to satisfy state option.</doc>
<msg timestamp="20230907 22:23:01.984" level="INFO">Waited for Element with selector css=header .right small at state visible</msg>
<status status="PASS" starttime="20230907 22:23:01.742" endtime="20230907 22:23:01.985"/>
</kw>
<kw name="Get Text" library="Browser">
<arg>${element}</arg>
<arg>equal</arg>
<arg>Olá, ${splited_name}[0]</arg>
<tag>Assertion</tag>
<tag>Getter</tag>
<tag>PageContent</tag>
<doc>Returns text attribute of the element found by ``selector``.</doc>
<msg timestamp="20230907 22:23:02.023" level="INFO">Text: 'Olá, Steve'</msg>
<status status="PASS" starttime="20230907 22:23:01.985" endtime="20230907 22:23:02.023"/>
</kw>
<status status="PASS" starttime="20230907 22:23:01.739" endtime="20230907 22:23:02.024"/>
</kw>
<kw name="Go to task form" library="Header">
<kw name="Click" library="Browser">
<arg>css=.button-add</arg>
<tag>PageContent</tag>
<tag>Setter</tag>
<doc>Simulates mouse click on the element found by ``selector``.</doc>
<status status="PASS" starttime="20230907 22:23:02.025" endtime="20230907 22:23:02.120"/>
</kw>
<status status="PASS" starttime="20230907 22:23:02.024" endtime="20230907 22:23:02.121"/>
</kw>
<kw name="Submit task form" library="TaskCreatePage">
<arg>${data}[tasks]</arg>
<kw name="Fill Text" library="Browser">
<arg>css=input[placeholder="Nome da tarefa"]</arg>
<arg>${tasks}[name]</arg>
<tag>PageContent</tag>
<tag>Setter</tag>
<doc>Clears and fills the given ``txt`` into the text field found by ``selector``.</doc>
<msg timestamp="20230907 22:23:02.123" level="INFO">Fills the text 'Criar uma nova versão do ipod' in the given field.</msg>
<status status="PASS" starttime="20230907 22:23:02.123" endtime="20230907 22:23:02.154"/>
</kw>
<kw name="Click" library="Browser">
<arg>css=button &gt;&gt; text=Cadastrar</arg>
<tag>PageContent</tag>
<tag>Setter</tag>
<doc>Simulates mouse click on the element found by ``selector``.</doc>
<status status="PASS" starttime="20230907 22:23:02.154" endtime="20230907 22:23:02.225"/>
</kw>
<status status="PASS" starttime="20230907 22:23:02.122" endtime="20230907 22:23:02.226"/>
</kw>
<kw name="Log" library="BuiltIn">
<arg>${data}</arg>
<doc>Logs the given message with the given level.</doc>
<msg timestamp="20230907 22:23:02.227" level="INFO">{'user': {'name': 'Steve Jobs', 'email': 'jobs@apple.com', 'password': 'pwd123'}, 'tasks': {'name': 'Criar uma nova versão do ipod', 'tasks': ['ios', 'music', 'ipod']}}</msg>
<status status="PASS" starttime="20230907 22:23:02.227" endtime="20230907 22:23:02.227"/>
</kw>
<kw name="Take Screenshot" library="Browser" type="TEARDOWN">
<tag>PageContent</tag>
<doc>Takes a screenshot of the current window or element and saves it to disk.</doc>
<msg timestamp="20230907 22:23:02.453" level="INFO" html="true">&lt;/td&gt;&lt;/tr&gt;&lt;tr&gt;&lt;td colspan="3"&gt;&lt;a href="browser/screenshot/robotframework-browser-screenshot-1.png" target="_blank"&gt;&lt;img src="browser/screenshot/robotframework-browser-screenshot-1.png" width="800px"/&gt;&lt;/a&gt;</msg>
<status status="PASS" starttime="20230907 22:23:02.228" endtime="20230907 22:23:02.453"/>
</kw>
<status status="PASS" starttime="20230907 22:22:57.773" endtime="20230907 22:23:02.455"/>
</test>
<doc>Cenários de cadastro de tarefas</doc>
<status status="PASS" starttime="20230907 22:22:55.886" endtime="20230907 22:23:02.555"/>
</suite>
<statistics>
<total>
<stat pass="1" fail="0" skip="0">All Tests</stat>
</total>
<tag>
</tag>
<suite>
<stat pass="1" fail="0" skip="0" id="s1" name="Create">Create</stat>
</suite>
</statistics>
<errors>
</errors>
</robot>
