<?xml version="1.0" encoding="UTF-8"?>
<robot generator="Robot 5.0.1 (Python 3.10.4 on win32)" generated="20230827 11:53:59.500" rpa="false" schemaversion="3">
<suite id="s1" name="Signup" source="C:\qax\projects\mark85_robot_express\tests\signup.robot">
<test id="s1-t1" name="Deve poder cadastrar um novo usuario" line="8">
<kw name="Set Variable" library="BuiltIn">
<var>${password}</var>
<arg>pwd123</arg>
<doc>Returns the given values which can then be assigned to a variables.</doc>
<msg timestamp="20230827 11:54:01.870" level="INFO">${password} = pwd123</msg>
<status status="PASS" starttime="20230827 11:54:01.870" endtime="20230827 11:54:01.870"/>
</kw>
<kw name="Set Variable" library="BuiltIn">
<var>${name}</var>
<arg>Fernando Papito</arg>
<doc>Returns the given values which can then be assigned to a variables.</doc>
<msg timestamp="20230827 11:54:01.871" level="INFO">${name} = Fernando Papito</msg>
<status status="PASS" starttime="20230827 11:54:01.871" endtime="20230827 11:54:01.871"/>
</kw>
<kw name="Set Variable" library="BuiltIn">
<var>${email}</var>
<arg>papito@hotmail.com</arg>
<doc>Returns the given values which can then be assigned to a variables.</doc>
<msg timestamp="20230827 11:54:01.872" level="INFO">${email} = papito@hotmail.com</msg>
<status status="PASS" starttime="20230827 11:54:01.871" endtime="20230827 11:54:01.872"/>
</kw>
<kw name="Remove user from database" library="database">
<arg>${email}</arg>
<msg timestamp="20230827 11:54:04.109" level="INFO">removing user bypapito@hotmail.com</msg>
<status status="PASS" starttime="20230827 11:54:01.872" endtime="20230827 11:54:04.109"/>
</kw>
<kw name="Start Session" library="base">
<kw name="New Browser" library="Browser">
<arg>browser=chromium</arg>
<arg>headless=false</arg>
<tag>BrowserControl</tag>
<tag>Setter</tag>
<doc>Create a new playwright Browser with specified options.</doc>
<msg timestamp="20230827 11:54:04.111" level="INFO">{"browser": "chromium", "headless": false, "chromiumSandbox": false, "devtools": false, "handleSIGHUP": true, "handleSIGINT": true, "handleSIGTERM": true, "slowMo": 0.0, "timeout": 30000.0, "tracesDir": "C:\\qax\\projects\\mark85_robot_express\\tests\\results\\browser\\traces\\65ae02e8-2ee7-4501-8a60-c306d71a2562"}</msg>
<msg timestamp="20230827 11:54:04.544" level="INFO">Successfully created browser with options: {"browser":"chromium","headless":false,"chromiumSandbox":false,"devtools":false,"handleSIGHUP":true,"handleSIGINT":true,"handleSIGTERM":true,"slowMo":0,"timeout":30000,"tracesDir":"C:\\qax\\projects\\mark85_robot_express\\tests\\results\\browser\\traces\\65ae02e8-2ee7-4501-8a60-c306d71a2562"}</msg>
<status status="PASS" starttime="20230827 11:54:04.110" endtime="20230827 11:54:04.544"/>
</kw>
<kw name="New Page" library="Browser">
<arg>http://localhost:3000</arg>
<tag>BrowserControl</tag>
<tag>Setter</tag>
<doc>Open a new Page.</doc>
<msg timestamp="20230827 11:54:05.763" level="INFO">Successfully initialized new page object and opened url: http://localhost:3000</msg>
<msg timestamp="20230827 11:54:05.763" level="INFO">No context was open. New context was automatically opened when this page is created.</msg>
<status status="PASS" starttime="20230827 11:54:04.545" endtime="20230827 11:54:05.763"/>
</kw>
<status status="PASS" starttime="20230827 11:54:04.110" endtime="20230827 11:54:05.763"/>
</kw>
<kw name="Go To" library="Browser">
<arg>http://localhost:3000/signup</arg>
<tag>BrowserControl</tag>
<tag>Setter</tag>
<doc>Navigates to the given ``url``.</doc>
<msg timestamp="20230827 11:54:05.881" level="INFO">Successfully opened URL http://localhost:3000/signup</msg>
<status status="PASS" starttime="20230827 11:54:05.764" endtime="20230827 11:54:05.882"/>
</kw>
<kw name="Wait For Elements State" library="Browser">
<arg>css=h1</arg>
<arg>visible</arg>
<arg>5</arg>
<tag>PageContent</tag>
<tag>Wait</tag>
<doc>Waits for the element found by ``selector`` to satisfy state option.</doc>
<msg timestamp="20230827 11:54:05.930" level="INFO">Waited for Element with selector css=h1 at state visible</msg>
<status status="PASS" starttime="20230827 11:54:05.884" endtime="20230827 11:54:05.931"/>
</kw>
<kw name="Get Text" library="Browser">
<arg>css=h1</arg>
<arg>equal</arg>
<arg>Faça seu cadastro</arg>
<tag>Assertion</tag>
<tag>Getter</tag>
<tag>PageContent</tag>
<doc>Returns text attribute of the element found by ``selector``.</doc>
<msg timestamp="20230827 11:54:05.975" level="INFO">Text: 'Faça seu cadastro'</msg>
<status status="PASS" starttime="20230827 11:54:05.931" endtime="20230827 11:54:05.975"/>
</kw>
<kw name="Fill Text" library="Browser">
<arg>id=name</arg>
<arg>${name}</arg>
<tag>PageContent</tag>
<tag>Setter</tag>
<doc>Clears and fills the given ``txt`` into the text field found by ``selector``.</doc>
<msg timestamp="20230827 11:54:05.977" level="INFO">Fills the text 'Fernando Papito' in the given field.</msg>
<status status="PASS" starttime="20230827 11:54:05.976" endtime="20230827 11:54:06.022"/>
</kw>
<kw name="Fill Text" library="Browser">
<arg>id=email</arg>
<arg>${email}</arg>
<tag>PageContent</tag>
<tag>Setter</tag>
<doc>Clears and fills the given ``txt`` into the text field found by ``selector``.</doc>
<msg timestamp="20230827 11:54:06.023" level="INFO">Fills the text 'papito@hotmail.com' in the given field.</msg>
<status status="PASS" starttime="20230827 11:54:06.022" endtime="20230827 11:54:06.061"/>
</kw>
<kw name="Fill Text" library="Browser">
<arg>id=password</arg>
<arg>${password}</arg>
<tag>PageContent</tag>
<tag>Setter</tag>
<doc>Clears and fills the given ``txt`` into the text field found by ``selector``.</doc>
<msg timestamp="20230827 11:54:06.062" level="INFO">Fills the text 'pwd123' in the given field.</msg>
<status status="PASS" starttime="20230827 11:54:06.062" endtime="20230827 11:54:06.091"/>
</kw>
<kw name="Click" library="Browser">
<arg>id=buttonSignup</arg>
<tag>PageContent</tag>
<tag>Setter</tag>
<doc>Simulates mouse click on the element found by ``selector``.</doc>
<status status="PASS" starttime="20230827 11:54:06.091" endtime="20230827 11:54:06.165"/>
</kw>
<kw name="Wait For Elements State" library="Browser">
<arg>css=.notice p</arg>
<arg>visible</arg>
<arg>5</arg>
<tag>PageContent</tag>
<tag>Wait</tag>
<doc>Waits for the element found by ``selector`` to satisfy state option.</doc>
<msg timestamp="20230827 11:54:06.971" level="INFO">Waited for Element with selector css=.notice p at state visible</msg>
<status status="PASS" starttime="20230827 11:54:06.166" endtime="20230827 11:54:06.972"/>
</kw>
<kw name="Get Text" library="Browser">
<arg>css=.notice p</arg>
<arg>equal</arg>
<arg>Boas vindas ao Mark85, o seu gerenciador de tarefas.</arg>
<tag>Assertion</tag>
<tag>Getter</tag>
<tag>PageContent</tag>
<doc>Returns text attribute of the element found by ``selector``.</doc>
<msg timestamp="20230827 11:54:06.997" level="INFO">Text: 'Boas vindas ao Mark85, o seu gerenciador de tarefas.'</msg>
<status status="PASS" starttime="20230827 11:54:06.972" endtime="20230827 11:54:06.997"/>
</kw>
<status status="PASS" starttime="20230827 11:54:01.865" endtime="20230827 11:54:06.998"/>
</test>
<test id="s1-t2" name="Nao deve permitir cadastros duplicado" line="34">
<kw name="Set Variable" library="BuiltIn">
<var>${password}</var>
<arg>pwd123</arg>
<doc>Returns the given values which can then be assigned to a variables.</doc>
<msg timestamp="20230827 11:54:07.101" level="INFO">${password} = pwd123</msg>
<status status="PASS" starttime="20230827 11:54:07.100" endtime="20230827 11:54:07.101"/>
</kw>
<kw name="Set Variable" library="BuiltIn">
<var>${name}</var>
<arg>Fernando Papito</arg>
<doc>Returns the given values which can then be assigned to a variables.</doc>
<msg timestamp="20230827 11:54:07.102" level="INFO">${name} = Fernando Papito</msg>
<status status="PASS" starttime="20230827 11:54:07.102" endtime="20230827 11:54:07.102"/>
</kw>
<kw name="Set Variable" library="BuiltIn">
<var>${email}</var>
<arg>papito@hotmail.com</arg>
<doc>Returns the given values which can then be assigned to a variables.</doc>
<msg timestamp="20230827 11:54:07.103" level="INFO">${email} = papito@hotmail.com</msg>
<status status="PASS" starttime="20230827 11:54:07.102" endtime="20230827 11:54:07.103"/>
</kw>
<kw name="Remove user from database" library="database">
<arg>${email}</arg>
<msg timestamp="20230827 11:54:07.315" level="INFO">removing user bypapito@hotmail.com</msg>
<status status="PASS" starttime="20230827 11:54:07.104" endtime="20230827 11:54:07.315"/>
</kw>
<kw name="Insert user from database" library="database">
<arg>${name}</arg>
<arg>${email}</arg>
<arg>${password}</arg>
<msg timestamp="20230827 11:54:07.540" level="INFO">{'name': 'Fernando Papito', 'email': 'papito@hotmail.com', 'password': 'pwd123', '_id': ObjectId('64eb719f706df89e5c9baf3a')}</msg>
<status status="PASS" starttime="20230827 11:54:07.316" endtime="20230827 11:54:07.540"/>
</kw>
<kw name="Start Session" library="base">
<kw name="New Browser" library="Browser">
<arg>browser=chromium</arg>
<arg>headless=false</arg>
<tag>BrowserControl</tag>
<tag>Setter</tag>
<doc>Create a new playwright Browser with specified options.</doc>
<msg timestamp="20230827 11:54:07.542" level="INFO">Switching browser to browser=e65bef94-ecd5-4e04-a2f2-466c78eaf400</msg>
<msg timestamp="20230827 11:54:07.545" level="INFO">Successfully changed active browser</msg>
<msg timestamp="20230827 11:54:07.545" level="INFO">Reusing existing browser with id: browser=e65bef94-ecd5-4e04-a2f2-466c78eaf400</msg>
<status status="PASS" starttime="20230827 11:54:07.542" endtime="20230827 11:54:07.545"/>
</kw>
<kw name="New Page" library="Browser">
<arg>http://localhost:3000</arg>
<tag>BrowserControl</tag>
<tag>Setter</tag>
<doc>Open a new Page.</doc>
<msg timestamp="20230827 11:54:08.693" level="INFO">Successfully initialized new page object and opened url: http://localhost:3000</msg>
<msg timestamp="20230827 11:54:08.694" level="INFO">No context was open. New context was automatically opened when this page is created.</msg>
<status status="PASS" starttime="20230827 11:54:07.545" endtime="20230827 11:54:08.694"/>
</kw>
<status status="PASS" starttime="20230827 11:54:07.541" endtime="20230827 11:54:08.694"/>
</kw>
<kw name="Go To" library="Browser">
<arg>http://localhost:3000/signup</arg>
<tag>BrowserControl</tag>
<tag>Setter</tag>
<doc>Navigates to the given ``url``.</doc>
<msg timestamp="20230827 11:54:08.803" level="INFO">Successfully opened URL http://localhost:3000/signup</msg>
<status status="PASS" starttime="20230827 11:54:08.695" endtime="20230827 11:54:08.803"/>
</kw>
<kw name="Wait For Elements State" library="Browser">
<arg>css=h1</arg>
<arg>visible</arg>
<arg>5</arg>
<tag>PageContent</tag>
<tag>Wait</tag>
<doc>Waits for the element found by ``selector`` to satisfy state option.</doc>
<msg timestamp="20230827 11:54:08.841" level="INFO">Waited for Element with selector css=h1 at state visible</msg>
<status status="PASS" starttime="20230827 11:54:08.804" endtime="20230827 11:54:08.841"/>
</kw>
<kw name="Get Text" library="Browser">
<arg>css=h1</arg>
<arg>equal</arg>
<arg>Faça seu cadastro</arg>
<tag>Assertion</tag>
<tag>Getter</tag>
<tag>PageContent</tag>
<doc>Returns text attribute of the element found by ``selector``.</doc>
<msg timestamp="20230827 11:54:08.874" level="INFO">Text: 'Faça seu cadastro'</msg>
<status status="PASS" starttime="20230827 11:54:08.841" endtime="20230827 11:54:08.874"/>
</kw>
<kw name="Fill Text" library="Browser">
<arg>id=name</arg>
<arg>${name}</arg>
<tag>PageContent</tag>
<tag>Setter</tag>
<doc>Clears and fills the given ``txt`` into the text field found by ``selector``.</doc>
<msg timestamp="20230827 11:54:08.876" level="INFO">Fills the text 'Fernando Papito' in the given field.</msg>
<status status="PASS" starttime="20230827 11:54:08.875" endtime="20230827 11:54:08.915"/>
</kw>
<kw name="Fill Text" library="Browser">
<arg>id=email</arg>
<arg>${email}</arg>
<tag>PageContent</tag>
<tag>Setter</tag>
<doc>Clears and fills the given ``txt`` into the text field found by ``selector``.</doc>
<msg timestamp="20230827 11:54:08.917" level="INFO">Fills the text 'papito@hotmail.com' in the given field.</msg>
<status status="PASS" starttime="20230827 11:54:08.916" endtime="20230827 11:54:08.951"/>
</kw>
<kw name="Fill Text" library="Browser">
<arg>id=password</arg>
<arg>${password}</arg>
<tag>PageContent</tag>
<tag>Setter</tag>
<doc>Clears and fills the given ``txt`` into the text field found by ``selector``.</doc>
<msg timestamp="20230827 11:54:08.952" level="INFO">Fills the text 'pwd123' in the given field.</msg>
<status status="PASS" starttime="20230827 11:54:08.951" endtime="20230827 11:54:08.981"/>
</kw>
<kw name="Click" library="Browser">
<arg>id=buttonSignup</arg>
<tag>PageContent</tag>
<tag>Setter</tag>
<doc>Simulates mouse click on the element found by ``selector``.</doc>
<status status="PASS" starttime="20230827 11:54:08.982" endtime="20230827 11:54:09.052"/>
</kw>
<kw name="Wait For Elements State" library="Browser">
<arg>css=.notice p</arg>
<arg>visible</arg>
<arg>5</arg>
<tag>PageContent</tag>
<tag>Wait</tag>
<doc>Waits for the element found by ``selector`` to satisfy state option.</doc>
<msg timestamp="20230827 11:54:09.261" level="INFO">Waited for Element with selector css=.notice p at state visible</msg>
<status status="PASS" starttime="20230827 11:54:09.053" endtime="20230827 11:54:09.262"/>
</kw>
<kw name="Get Text" library="Browser">
<arg>css=.notice p</arg>
<arg>equal</arg>
<arg>Oops! Já existe uma conta com o e-mail informado.</arg>
<tag>Assertion</tag>
<tag>Getter</tag>
<tag>PageContent</tag>
<doc>Returns text attribute of the element found by ``selector``.</doc>
<msg timestamp="20230827 11:54:09.289" level="INFO">Text: 'Oops! Já existe uma conta com o e-mail informado.'</msg>
<status status="PASS" starttime="20230827 11:54:09.262" endtime="20230827 11:54:09.289"/>
</kw>
<kw name="Sleep" library="BuiltIn">
<arg>5</arg>
<doc>Pauses the test executed for the given time.</doc>
<msg timestamp="20230827 11:54:14.291" level="INFO">Slept 5 seconds</msg>
<status status="PASS" starttime="20230827 11:54:09.290" endtime="20230827 11:54:14.291"/>
</kw>
<tag>dup</tag>
<status status="PASS" starttime="20230827 11:54:07.094" endtime="20230827 11:54:14.291"/>
</test>
<status status="PASS" starttime="20230827 11:53:59.502" endtime="20230827 11:54:14.374"/>
</suite>
<statistics>
<total>
<stat pass="2" fail="0" skip="0">All Tests</stat>
</total>
<tag>
<stat pass="1" fail="0" skip="0">dup</stat>
</tag>
<suite>
<stat pass="2" fail="0" skip="0" id="s1" name="Signup">Signup</stat>
</suite>
</statistics>
<errors>
</errors>
</robot>
