<?xml version="1.0" encoding="UTF-8"?>
<robot generator="Robot 5.0.1 (Python 3.10.4 on win32)" generated="20230827 18:11:27.903" rpa="false" schemaversion="3">
<suite id="s1" name="Signup" source="C:\qax\projects\mark85_robot_express\tests\signup.robot">
<test id="s1-t1" name="Deve poder cadastrar um novo usuario" line="8">
<kw name="Create Dictionary" library="BuiltIn">
<var>${user}</var>
<arg>password=pwd123</arg>
<arg>name=Fernando Papito</arg>
<arg>email=papito@hotmail.com</arg>
<doc>Creates and returns a dictionary based on the given ``items``.</doc>
<msg timestamp="20230827 18:11:29.927" level="INFO">${user} = {'password': 'pwd123', 'name': 'Fernando Papito', 'email': 'papito@hotmail.com'}</msg>
<status status="PASS" starttime="20230827 18:11:29.926" endtime="20230827 18:11:29.927"/>
</kw>
<kw name="Remove user from database" library="database">
<arg>${user}[email]</arg>
<msg timestamp="20230827 18:11:31.179" level="INFO">removing user bypapito@hotmail.com</msg>
<status status="PASS" starttime="20230827 18:11:29.927" endtime="20230827 18:11:31.179"/>
</kw>
<kw name="Start Session" library="base">
<kw name="New Browser" library="Browser">
<arg>browser=chromium</arg>
<arg>headless=false</arg>
<tag>BrowserControl</tag>
<tag>Setter</tag>
<doc>Create a new playwright Browser with specified options.</doc>
<msg timestamp="20230827 18:11:31.182" level="INFO">{"browser": "chromium", "headless": false, "chromiumSandbox": false, "devtools": false, "handleSIGHUP": true, "handleSIGINT": true, "handleSIGTERM": true, "slowMo": 0.0, "timeout": 30000.0, "tracesDir": "C:\\qax\\projects\\mark85_robot_express\\tests\\results\\browser\\traces\\b117d7d2-f940-4c24-a942-9e1dd14c92d7"}</msg>
<msg timestamp="20230827 18:11:31.702" level="INFO">Successfully created browser with options: {"browser":"chromium","headless":false,"chromiumSandbox":false,"devtools":false,"handleSIGHUP":true,"handleSIGINT":true,"handleSIGTERM":true,"slowMo":0,"timeout":30000,"tracesDir":"C:\\qax\\projects\\mark85_robot_express\\tests\\results\\browser\\traces\\b117d7d2-f940-4c24-a942-9e1dd14c92d7"}</msg>
<status status="PASS" starttime="20230827 18:11:31.181" endtime="20230827 18:11:31.703"/>
</kw>
<kw name="New Page" library="Browser">
<arg>http://localhost:3000</arg>
<tag>BrowserControl</tag>
<tag>Setter</tag>
<doc>Open a new Page.</doc>
<msg timestamp="20230827 18:11:32.916" level="INFO">Successfully initialized new page object and opened url: http://localhost:3000</msg>
<msg timestamp="20230827 18:11:32.916" level="INFO">No context was open. New context was automatically opened when this page is created.</msg>
<status status="PASS" starttime="20230827 18:11:31.703" endtime="20230827 18:11:32.916"/>
</kw>
<status status="PASS" starttime="20230827 18:11:31.180" endtime="20230827 18:11:32.916"/>
</kw>
<kw name="Go To" library="Browser">
<arg>http://localhost:3000/signup</arg>
<tag>BrowserControl</tag>
<tag>Setter</tag>
<doc>Navigates to the given ``url``.</doc>
<msg timestamp="20230827 18:11:33.008" level="INFO">Successfully opened URL http://localhost:3000/signup</msg>
<status status="PASS" starttime="20230827 18:11:32.917" endtime="20230827 18:11:33.009"/>
</kw>
<kw name="Wait For Elements State" library="Browser">
<arg>css=h1</arg>
<arg>visible</arg>
<arg>5</arg>
<tag>PageContent</tag>
<tag>Wait</tag>
<doc>Waits for the element found by ``selector`` to satisfy state option.</doc>
<msg timestamp="20230827 18:11:33.054" level="INFO">Waited for Element with selector css=h1 at state visible</msg>
<status status="PASS" starttime="20230827 18:11:33.011" endtime="20230827 18:11:33.054"/>
</kw>
<kw name="Get Text" library="Browser">
<arg>css=h1</arg>
<arg>equal</arg>
<arg>Faça seu cadastro</arg>
<tag>Assertion</tag>
<tag>Getter</tag>
<tag>PageContent</tag>
<doc>Returns text attribute of the element found by ``selector``.</doc>
<msg timestamp="20230827 18:11:33.092" level="INFO">Text: 'Faça seu cadastro'</msg>
<status status="PASS" starttime="20230827 18:11:33.054" endtime="20230827 18:11:33.092"/>
</kw>
<kw name="Fill Text" library="Browser">
<arg>id=name</arg>
<arg>${user}[name]</arg>
<tag>PageContent</tag>
<tag>Setter</tag>
<doc>Clears and fills the given ``txt`` into the text field found by ``selector``.</doc>
<msg timestamp="20230827 18:11:33.093" level="INFO">Fills the text 'Fernando Papito' in the given field.</msg>
<status status="PASS" starttime="20230827 18:11:33.093" endtime="20230827 18:11:33.133"/>
</kw>
<kw name="Fill Text" library="Browser">
<arg>id=email</arg>
<arg>${user}[email]</arg>
<tag>PageContent</tag>
<tag>Setter</tag>
<doc>Clears and fills the given ``txt`` into the text field found by ``selector``.</doc>
<msg timestamp="20230827 18:11:33.134" level="INFO">Fills the text 'papito@hotmail.com' in the given field.</msg>
<status status="PASS" starttime="20230827 18:11:33.134" endtime="20230827 18:11:33.169"/>
</kw>
<kw name="Fill Text" library="Browser">
<arg>id=password</arg>
<arg>${user}[password]</arg>
<tag>PageContent</tag>
<tag>Setter</tag>
<doc>Clears and fills the given ``txt`` into the text field found by ``selector``.</doc>
<msg timestamp="20230827 18:11:33.170" level="INFO">Fills the text 'pwd123' in the given field.</msg>
<status status="PASS" starttime="20230827 18:11:33.169" endtime="20230827 18:11:33.197"/>
</kw>
<kw name="Click" library="Browser">
<arg>id=buttonSignup</arg>
<tag>PageContent</tag>
<tag>Setter</tag>
<doc>Simulates mouse click on the element found by ``selector``.</doc>
<status status="PASS" starttime="20230827 18:11:33.198" endtime="20230827 18:11:33.266"/>
</kw>
<kw name="Wait For Elements State" library="Browser">
<arg>css=.notice p</arg>
<arg>visible</arg>
<arg>5</arg>
<tag>PageContent</tag>
<tag>Wait</tag>
<doc>Waits for the element found by ``selector`` to satisfy state option.</doc>
<msg timestamp="20230827 18:11:34.071" level="INFO">Waited for Element with selector css=.notice p at state visible</msg>
<status status="PASS" starttime="20230827 18:11:33.266" endtime="20230827 18:11:34.071"/>
</kw>
<kw name="Get Text" library="Browser">
<arg>css=.notice p</arg>
<arg>equal</arg>
<arg>Boas vindas ao Mark85, o seu gerenciador de tarefas.</arg>
<tag>Assertion</tag>
<tag>Getter</tag>
<tag>PageContent</tag>
<doc>Returns text attribute of the element found by ``selector``.</doc>
<msg timestamp="20230827 18:11:34.097" level="INFO">Text: 'Boas vindas ao Mark85, o seu gerenciador de tarefas.'</msg>
<status status="PASS" starttime="20230827 18:11:34.072" endtime="20230827 18:11:34.097"/>
</kw>
<status status="PASS" starttime="20230827 18:11:29.922" endtime="20230827 18:11:34.098"/>
</test>
<test id="s1-t2" name="Nao deve permitir cadastros duplicado" line="43">
<kw name="Create Dictionary" library="BuiltIn">
<var>${user}</var>
<arg>password=pwd123</arg>
<arg>name=Fernando Papito</arg>
<arg>email=papito@hotmail.com</arg>
<doc>Creates and returns a dictionary based on the given ``items``.</doc>
<msg timestamp="20230827 18:11:34.230" level="INFO">${user} = {'password': 'pwd123', 'name': 'Fernando Papito', 'email': 'papito@hotmail.com'}</msg>
<status status="PASS" starttime="20230827 18:11:34.228" endtime="20230827 18:11:34.230"/>
</kw>
<kw name="Remove user from database" library="database">
<arg>${user}[email]</arg>
<msg timestamp="20230827 18:11:34.433" level="INFO">removing user bypapito@hotmail.com</msg>
<status status="PASS" starttime="20230827 18:11:34.231" endtime="20230827 18:11:34.434"/>
</kw>
<kw name="Insert user from database" library="database">
<arg>${user}</arg>
<msg timestamp="20230827 18:11:34.638" level="INFO">{'password': 'pwd123', 'name': 'Fernando Papito', 'email': 'papito@hotmail.com', '_id': ObjectId('64ebca165ce6c59029121cd0')}</msg>
<status status="PASS" starttime="20230827 18:11:34.435" endtime="20230827 18:11:34.638"/>
</kw>
<kw name="Start Session" library="base">
<kw name="New Browser" library="Browser">
<arg>browser=chromium</arg>
<arg>headless=false</arg>
<tag>BrowserControl</tag>
<tag>Setter</tag>
<doc>Create a new playwright Browser with specified options.</doc>
<msg timestamp="20230827 18:11:34.640" level="INFO">Switching browser to browser=6035a6ee-5dcb-4648-9ced-e2d9d8f1823b</msg>
<msg timestamp="20230827 18:11:34.643" level="INFO">Successfully changed active browser</msg>
<msg timestamp="20230827 18:11:34.643" level="INFO">Reusing existing browser with id: browser=6035a6ee-5dcb-4648-9ced-e2d9d8f1823b</msg>
<status status="PASS" starttime="20230827 18:11:34.640" endtime="20230827 18:11:34.643"/>
</kw>
<kw name="New Page" library="Browser">
<arg>http://localhost:3000</arg>
<tag>BrowserControl</tag>
<tag>Setter</tag>
<doc>Open a new Page.</doc>
<msg timestamp="20230827 18:11:35.807" level="INFO">Successfully initialized new page object and opened url: http://localhost:3000</msg>
<msg timestamp="20230827 18:11:35.807" level="INFO">No context was open. New context was automatically opened when this page is created.</msg>
<status status="PASS" starttime="20230827 18:11:34.644" endtime="20230827 18:11:35.807"/>
</kw>
<status status="PASS" starttime="20230827 18:11:34.639" endtime="20230827 18:11:35.807"/>
</kw>
<kw name="Go To" library="Browser">
<arg>http://localhost:3000/signup</arg>
<tag>BrowserControl</tag>
<tag>Setter</tag>
<doc>Navigates to the given ``url``.</doc>
<msg timestamp="20230827 18:11:35.917" level="INFO">Successfully opened URL http://localhost:3000/signup</msg>
<status status="PASS" starttime="20230827 18:11:35.808" endtime="20230827 18:11:35.917"/>
</kw>
<kw name="Wait For Elements State" library="Browser">
<arg>css=h1</arg>
<arg>visible</arg>
<arg>5</arg>
<tag>PageContent</tag>
<tag>Wait</tag>
<doc>Waits for the element found by ``selector`` to satisfy state option.</doc>
<msg timestamp="20230827 18:11:35.957" level="INFO">Waited for Element with selector css=h1 at state visible</msg>
<status status="PASS" starttime="20230827 18:11:35.918" endtime="20230827 18:11:35.957"/>
</kw>
<kw name="Get Text" library="Browser">
<arg>css=h1</arg>
<arg>equal</arg>
<arg>Faça seu cadastro</arg>
<tag>Assertion</tag>
<tag>Getter</tag>
<tag>PageContent</tag>
<doc>Returns text attribute of the element found by ``selector``.</doc>
<msg timestamp="20230827 18:11:35.994" level="INFO">Text: 'Faça seu cadastro'</msg>
<status status="PASS" starttime="20230827 18:11:35.958" endtime="20230827 18:11:35.994"/>
</kw>
<kw name="Fill Text" library="Browser">
<arg>id=name</arg>
<arg>${user}[name]</arg>
<tag>PageContent</tag>
<tag>Setter</tag>
<doc>Clears and fills the given ``txt`` into the text field found by ``selector``.</doc>
<msg timestamp="20230827 18:11:35.995" level="INFO">Fills the text 'Fernando Papito' in the given field.</msg>
<status status="PASS" starttime="20230827 18:11:35.995" endtime="20230827 18:11:36.046"/>
</kw>
<kw name="Fill Text" library="Browser">
<arg>id=email</arg>
<arg>${user}[email]</arg>
<tag>PageContent</tag>
<tag>Setter</tag>
<doc>Clears and fills the given ``txt`` into the text field found by ``selector``.</doc>
<msg timestamp="20230827 18:11:36.048" level="INFO">Fills the text 'papito@hotmail.com' in the given field.</msg>
<status status="PASS" starttime="20230827 18:11:36.048" endtime="20230827 18:11:36.088"/>
</kw>
<kw name="Fill Text" library="Browser">
<arg>id=password</arg>
<arg>${user}[password]</arg>
<tag>PageContent</tag>
<tag>Setter</tag>
<doc>Clears and fills the given ``txt`` into the text field found by ``selector``.</doc>
<msg timestamp="20230827 18:11:36.091" level="INFO">Fills the text 'pwd123' in the given field.</msg>
<status status="PASS" starttime="20230827 18:11:36.090" endtime="20230827 18:11:36.123"/>
</kw>
<kw name="Click" library="Browser">
<arg>id=buttonSignup</arg>
<tag>PageContent</tag>
<tag>Setter</tag>
<doc>Simulates mouse click on the element found by ``selector``.</doc>
<status status="PASS" starttime="20230827 18:11:36.123" endtime="20230827 18:11:36.185"/>
</kw>
<kw name="Wait For Elements State" library="Browser">
<arg>css=.notice p</arg>
<arg>visible</arg>
<arg>5</arg>
<tag>PageContent</tag>
<tag>Wait</tag>
<doc>Waits for the element found by ``selector`` to satisfy state option.</doc>
<msg timestamp="20230827 18:11:36.494" level="INFO">Waited for Element with selector css=.notice p at state visible</msg>
<status status="PASS" starttime="20230827 18:11:36.186" endtime="20230827 18:11:36.494"/>
</kw>
<kw name="Get Text" library="Browser">
<arg>css=.notice p</arg>
<arg>equal</arg>
<arg>Oops! Já existe uma conta com o e-mail informado.</arg>
<tag>Assertion</tag>
<tag>Getter</tag>
<tag>PageContent</tag>
<doc>Returns text attribute of the element found by ``selector``.</doc>
<msg timestamp="20230827 18:11:36.518" level="INFO">Text: 'Oops! Já existe uma conta com o e-mail informado.'</msg>
<status status="PASS" starttime="20230827 18:11:36.494" endtime="20230827 18:11:36.518"/>
</kw>
<tag>dup</tag>
<status status="PASS" starttime="20230827 18:11:34.220" endtime="20230827 18:11:36.519"/>
</test>
<status status="PASS" starttime="20230827 18:11:27.905" endtime="20230827 18:11:36.598"/>
</suite>
<statistics>
<total>
<stat pass="2" fail="0" skip="0">All Tests</stat>
</total>
<tag>
<stat pass="1" fail="0" skip="0">dup</stat>
</tag>
<suite>
<stat pass="2" fail="0" skip="0" id="s1" name="Signup">Signup</stat>
</suite>
</statistics>
<errors>
</errors>
</robot>
